#
# There is insufficient memory for the Java Runtime Environment to continue.
# Native memory allocation (malloc) failed to allocate 239136 bytes for Chunk::new
# Possible reasons:
#   The system is out of physical RAM or swap space
#   The process is running with CompressedOops enabled, and the Java Heap may be blocking the growth of the native heap
# Possible solutions:
#   Reduce memory load on the system
#   Increase physical memory or swap space
#   Check if swap backing store is full
#   Decrease Java heap size (-Xmx/-Xms)
#   Decrease number of Java threads
#   Decrease Java thread stack sizes (-Xss)
#   Set larger code cache with -XX:ReservedCodeCacheSize=
#   JVM is running with Unscaled Compressed Oops mode in which the Java heap is
#     placed in the first 4GB address space. The Java Heap base address is the
#     maximum limit for the native heap growth. Please use -XX:HeapBaseMinAddress
#     to set the Java Heap base and to place the Java Heap above 4GB virtual address.
# This output file may be truncated or incomplete.
#
#  Out of Memory Error (allocation.cpp:389), pid=13524, tid=0x00000000000043d0
#
# JRE version: Java(TM) SE Runtime Environment (8.0_221-b11) (build 1.8.0_221-b11)
# Java VM: Java HotSpot(TM) 64-Bit Server VM (25.221-b11 mixed mode windows-amd64 compressed oops)
# Failed to write core dump. Minidumps are not enabled by default on client versions of Windows
#

---------------  T H R E A D  ---------------

Current thread (0x00000000177c6000):  JavaThread "C2 CompilerThread1" daemon [_thread_in_native, id=17360, stack(0x0000000018f20000,0x0000000019020000)]

Stack: [0x0000000018f20000,0x0000000019020000]
[error occurred during error reporting (printing stack bounds), id 0xc0000005]

Native frames: (J=compiled Java code, j=interpreted, Vv=VM code, C=native code)


Current CompileTask:
C2:1968569 5292   !   4       com.sun.org.apache.xerces.internal.parsers.XML11Configuration::setFeature (155 bytes)


---------------  P R O C E S S  ---------------

Java Threads: ( => current thread )
  0x0000000019db4800 JavaThread "Exec Stream Pumper" daemon [_thread_in_native, id=49164, stack(0x000000002a2d0000,0x000000002a3d0000)]
  0x0000000019db7800 JavaThread "Exec Stream Pumper" daemon [_thread_in_native, id=50364, stack(0x000000002a1d0000,0x000000002a2d0000)]
  0x0000000019dac000 JavaThread "Exec Default Executor" daemon [_thread_in_native, id=37592, stack(0x000000002a0d0000,0x000000002a1d0000)]
  0x0000000019db3000 JavaThread "Exec Stream Pumper" daemon [_thread_in_native, id=42772, stack(0x0000000029fd0000,0x000000002a0d0000)]
  0x0000000019db2000 JavaThread "Exec Stream Pumper" daemon [_thread_in_native, id=49944, stack(0x0000000029ed0000,0x0000000029fd0000)]
  0x0000000019daf000 JavaThread "Exec Default Executor" daemon [_thread_in_native, id=51080, stack(0x0000000029dd0000,0x0000000029ed0000)]
  0x0000000019dab800 JavaThread "Exec Stream Pumper" daemon [_thread_in_native, id=11788, stack(0x0000000029cd0000,0x0000000029dd0000)]
  0x0000000019daa800 JavaThread "Exec Stream Pumper" daemon [_thread_in_native, id=51392, stack(0x0000000029bd0000,0x0000000029cd0000)]
  0x0000000019db0000 JavaThread "Exec Default Executor" daemon [_thread_in_native, id=18532, stack(0x0000000029ad0000,0x0000000029bd0000)]
  0x0000000019db1800 JavaThread "Exec Stream Pumper" daemon [_thread_in_native, id=41264, stack(0x00000000299d0000,0x0000000029ad0000)]
  0x0000000019dad000 JavaThread "Exec Stream Pumper" daemon [_thread_in_native, id=10072, stack(0x00000000298d0000,0x00000000299d0000)]
  0x0000000019dae800 JavaThread "Exec Default Executor" daemon [_thread_in_native, id=49616, stack(0x00000000297d0000,0x00000000298d0000)]
  0x0000000019dad800 JavaThread "Exec Stream Pumper" daemon [_thread_in_native, id=51660, stack(0x00000000296d0000,0x00000000297d0000)]
  0x0000000019daa000 JavaThread "Exec Stream Pumper" daemon [_thread_in_native, id=43648, stack(0x00000000295d0000,0x00000000296d0000)]
  0x0000000019db0800 JavaThread "Exec Default Executor" daemon [_thread_in_native, id=6956, stack(0x00000000294d0000,0x00000000295d0000)]
  0x000000001bd43800 JavaThread "Exec Stream Pumper" daemon [_thread_in_native, id=6712, stack(0x00000000292d0000,0x00000000293d0000)]
  0x000000001bd41000 JavaThread "Exec Stream Pumper" daemon [_thread_in_native, id=3620, stack(0x00000000291d0000,0x00000000292d0000)]
  0x000000001bd40000 JavaThread "Exec Default Executor" daemon [_thread_in_native, id=18260, stack(0x00000000290d0000,0x00000000291d0000)]
  0x000000001bd42800 JavaThread "Exec Stream Pumper" daemon [_thread_in_native, id=42944, stack(0x0000000028fd0000,0x00000000290d0000)]
  0x000000001bd3f800 JavaThread "Exec Stream Pumper" daemon [_thread_in_native, id=46084, stack(0x0000000028ed0000,0x0000000028fd0000)]
  0x000000001bd3e800 JavaThread "Exec Default Executor" daemon [_thread_in_native, id=21432, stack(0x00000000281d0000,0x00000000282d0000)]
  0x000000001bd3e000 JavaThread "Exec Stream Pumper" daemon [_thread_in_native, id=51800, stack(0x0000000028dd0000,0x0000000028ed0000)]
  0x000000001bd42000 JavaThread "Exec Stream Pumper" daemon [_thread_in_native, id=13244, stack(0x0000000028cd0000,0x0000000028dd0000)]
  0x000000001bd36800 JavaThread "Exec Default Executor" daemon [_thread_in_native, id=44420, stack(0x0000000028bd0000,0x0000000028cd0000)]
  0x000000001bd38800 JavaThread "Exec Stream Pumper" daemon [_thread_in_native, id=51284, stack(0x0000000028ad0000,0x0000000028bd0000)]
  0x000000001bd3d000 JavaThread "Exec Stream Pumper" daemon [_thread_in_native, id=16412, stack(0x00000000289d0000,0x0000000028ad0000)]
  0x000000001bd35800 JavaThread "Exec Default Executor" daemon [_thread_in_native, id=40344, stack(0x00000000282d0000,0x00000000283d0000)]
  0x000000001bd3c800 JavaThread "Exec Stream Pumper" daemon [_thread_in_native, id=6328, stack(0x00000000288d0000,0x00000000289d0000)]
  0x000000001bd3b800 JavaThread "Exec Stream Pumper" daemon [_thread_in_native, id=3776, stack(0x00000000287d0000,0x00000000288d0000)]
  0x000000001bd35000 JavaThread "Exec Default Executor" daemon [_thread_in_native, id=12100, stack(0x00000000286d0000,0x00000000287d0000)]
  0x000000001bd3b000 JavaThread "Exec Stream Pumper" daemon [_thread_in_native, id=38768, stack(0x00000000285d0000,0x00000000286d0000)]
  0x000000001bd3a000 JavaThread "Exec Stream Pumper" daemon [_thread_in_native, id=50800, stack(0x00000000284d0000,0x00000000285d0000)]
  0x000000001bd38000 JavaThread "Exec Default Executor" daemon [_thread_in_native, id=45616, stack(0x00000000283d0000,0x00000000284d0000)]
  0x000000001bd34000 JavaThread "Exec Stream Pumper" daemon [_thread_in_native, id=42660, stack(0x00000000280d0000,0x00000000281d0000)]
  0x000000001bd39800 JavaThread "Exec Stream Pumper" daemon [_thread_in_native, id=49008, stack(0x0000000027fd0000,0x00000000280d0000)]
  0x000000001bd37000 JavaThread "Exec Default Executor" daemon [_thread_in_native, id=51600, stack(0x0000000027ed0000,0x0000000027fd0000)]
  0x000000001aa7b000 JavaThread "Exec Stream Pumper" daemon [_thread_in_native, id=45356, stack(0x0000000027dd0000,0x0000000027ed0000)]
  0x000000001aa79000 JavaThread "Exec Stream Pumper" daemon [_thread_in_native, id=50392, stack(0x0000000027cd0000,0x0000000027dd0000)]
  0x000000001aa7e000 JavaThread "Exec Default Executor" daemon [_thread_in_native, id=42056, stack(0x0000000027bd0000,0x0000000027cd0000)]
  0x000000001aa7a800 JavaThread "Exec Stream Pumper" daemon [_thread_in_native, id=44336, stack(0x0000000027ad0000,0x0000000027bd0000)]
  0x000000001aa7d800 JavaThread "Exec Stream Pumper" daemon [_thread_in_native, id=49688, stack(0x00000000279d0000,0x0000000027ad0000)]
  0x000000001aa7c800 JavaThread "Exec Default Executor" daemon [_thread_in_native, id=41376, stack(0x00000000278d0000,0x00000000279d0000)]
  0x000000001aa7c000 JavaThread "Exec Stream Pumper" daemon [_thread_in_native, id=36092, stack(0x00000000277d0000,0x00000000278d0000)]
  0x000000001aa79800 JavaThread "Exec Stream Pumper" daemon [_thread_in_native, id=48076, stack(0x00000000276d0000,0x00000000277d0000)]
  0x000000001aa78000 JavaThread "Exec Default Executor" daemon [_thread_in_native, id=17904, stack(0x00000000275d0000,0x00000000276d0000)]
  0x000000001aa70800 JavaThread "Exec Stream Pumper" daemon [_thread_in_native, id=23872, stack(0x00000000274d0000,0x00000000275d0000)]
  0x000000001aa77800 JavaThread "Exec Stream Pumper" daemon [_thread_in_native, id=34280, stack(0x00000000273d0000,0x00000000274d0000)]
  0x000000001aa70000 JavaThread "Exec Default Executor" daemon [_thread_in_native, id=41080, stack(0x00000000272d0000,0x00000000273d0000)]
  0x000000001aa76800 JavaThread "Exec Stream Pumper" daemon [_thread_in_native, id=42888, stack(0x00000000271d0000,0x00000000272d0000)]
  0x000000001aa6f000 JavaThread "Exec Stream Pumper" daemon [_thread_in_native, id=48384, stack(0x00000000270d0000,0x00000000271d0000)]
  0x000000001aa73800 JavaThread "Exec Default Executor" daemon [_thread_in_native, id=34136, stack(0x0000000026fd0000,0x00000000270d0000)]
  0x000000001aa73000 JavaThread "Exec Stream Pumper" daemon [_thread_in_native, id=18948, stack(0x0000000026ed0000,0x0000000026fd0000)]
  0x000000001aa74800 JavaThread "Exec Stream Pumper" daemon [_thread_in_native, id=10764, stack(0x0000000026dd0000,0x0000000026ed0000)]
  0x000000001aa76000 JavaThread "Exec Default Executor" daemon [_thread_in_native, id=10160, stack(0x0000000026cd0000,0x0000000026dd0000)]
  0x000000001aa71800 JavaThread "Exec Stream Pumper" daemon [_thread_in_native, id=44040, stack(0x0000000026bd0000,0x0000000026cd0000)]
  0x000000001aa72000 JavaThread "Exec Stream Pumper" daemon [_thread_in_native, id=46744, stack(0x0000000026ad0000,0x0000000026bd0000)]
  0x000000001aa75000 JavaThread "Exec Default Executor" daemon [_thread_in_native, id=46880, stack(0x00000000269d0000,0x0000000026ad0000)]
  0x000000001af71800 JavaThread "Exec Stream Pumper" daemon [_thread_in_native, id=47724, stack(0x00000000268d0000,0x00000000269d0000)]
  0x000000001af73000 JavaThread "Exec Stream Pumper" daemon [_thread_in_native, id=47720, stack(0x00000000267d0000,0x00000000268d0000)]
  0x000000001af70800 JavaThread "Exec Default Executor" daemon [_thread_in_native, id=47704, stack(0x00000000266d0000,0x00000000267d0000)]
  0x000000001af73800 JavaThread "Exec Stream Pumper" daemon [_thread_in_native, id=34316, stack(0x00000000263d0000,0x00000000264d0000)]
  0x000000001af74800 JavaThread "Exec Stream Pumper" daemon [_thread_in_native, id=31016, stack(0x00000000262d0000,0x00000000263d0000)]
  0x000000001af69000 JavaThread "Exec Default Executor" daemon [_thread_in_native, id=45160, stack(0x00000000261d0000,0x00000000262d0000)]
  0x000000001af70000 JavaThread "Exec Stream Pumper" daemon [_thread_in_native, id=46420, stack(0x00000000260d0000,0x00000000261d0000)]
  0x000000001af6d800 JavaThread "Exec Stream Pumper" daemon [_thread_in_native, id=46416, stack(0x0000000025fd0000,0x00000000260d0000)]
  0x000000001af6d000 JavaThread "Exec Default Executor" daemon [_thread_in_native, id=46404, stack(0x0000000025ed0000,0x0000000025fd0000)]
  0x000000001af6f000 JavaThread "Exec Stream Pumper" daemon [_thread_in_native, id=45612, stack(0x0000000025dd0000,0x0000000025ed0000)]
  0x000000001af6b800 JavaThread "Exec Stream Pumper" daemon [_thread_in_native, id=45608, stack(0x0000000025cd0000,0x0000000025dd0000)]
  0x000000001af6a800 JavaThread "Exec Default Executor" daemon [_thread_in_native, id=45596, stack(0x0000000025bd0000,0x0000000025cd0000)]
  0x000000001af6e800 JavaThread "Exec Stream Pumper" daemon [_thread_in_native, id=44616, stack(0x0000000025ad0000,0x0000000025bd0000)]
  0x000000001af67000 JavaThread "Exec Stream Pumper" daemon [_thread_in_native, id=44048, stack(0x00000000259d0000,0x0000000025ad0000)]
  0x000000001af68800 JavaThread "Exec Default Executor" daemon [_thread_in_native, id=44112, stack(0x00000000258d0000,0x00000000259d0000)]
  0x000000001af6c000 JavaThread "Exec Stream Pumper" daemon [_thread_in_native, id=44316, stack(0x00000000257d0000,0x00000000258d0000)]
  0x000000001af6a000 JavaThread "Exec Stream Pumper" daemon [_thread_in_native, id=44312, stack(0x00000000256d0000,0x00000000257d0000)]
  0x000000001af65800 JavaThread "Exec Default Executor" daemon [_thread_in_native, id=44296, stack(0x00000000255d0000,0x00000000256d0000)]
  0x000000001af67800 JavaThread "Exec Stream Pumper" daemon [_thread_in_native, id=32532, stack(0x00000000254d0000,0x00000000255d0000)]
  0x000000001af66000 JavaThread "Exec Stream Pumper" daemon [_thread_in_native, id=43300, stack(0x00000000253d0000,0x00000000254d0000)]
  0x000000001b254000 JavaThread "Exec Default Executor" daemon [_thread_in_native, id=41260, stack(0x00000000252d0000,0x00000000253d0000)]
  0x000000001b253800 JavaThread "Exec Stream Pumper" daemon [_thread_in_native, id=42344, stack(0x00000000251d0000,0x00000000252d0000)]
  0x000000001b255000 JavaThread "Exec Stream Pumper" daemon [_thread_in_native, id=42936, stack(0x00000000250d0000,0x00000000251d0000)]
  0x000000001b252800 JavaThread "Exec Default Executor" daemon [_thread_in_native, id=30920, stack(0x0000000024fd0000,0x00000000250d0000)]
  0x000000001b24b000 JavaThread "Exec Stream Pumper" daemon [_thread_in_native, id=42588, stack(0x0000000024ed0000,0x0000000024fd0000)]
  0x000000001b252000 JavaThread "Exec Stream Pumper" daemon [_thread_in_native, id=42584, stack(0x0000000024dd0000,0x0000000024ed0000)]
  0x000000001b24e000 JavaThread "Exec Default Executor" daemon [_thread_in_native, id=42568, stack(0x0000000024cd0000,0x0000000024dd0000)]
  0x000000001b251000 JavaThread "Exec Stream Pumper" daemon [_thread_in_native, id=36720, stack(0x0000000024bd0000,0x0000000024cd0000)]
  0x000000001b24d000 JavaThread "Exec Stream Pumper" daemon [_thread_in_native, id=40900, stack(0x0000000024ad0000,0x0000000024bd0000)]
  0x000000001b250800 JavaThread "Exec Default Executor" daemon [_thread_in_native, id=32024, stack(0x00000000249d0000,0x0000000024ad0000)]
  0x000000001b24b800 JavaThread "Exec Stream Pumper" daemon [_thread_in_native, id=41884, stack(0x00000000248d0000,0x00000000249d0000)]
  0x000000001b24f800 JavaThread "Exec Stream Pumper" daemon [_thread_in_native, id=41880, stack(0x00000000247d0000,0x00000000248d0000)]
  0x000000001b248000 JavaThread "Exec Default Executor" daemon [_thread_in_native, id=41868, stack(0x00000000246d0000,0x00000000247d0000)]
  0x000000001b24e800 JavaThread "Exec Stream Pumper" daemon [_thread_in_native, id=40892, stack(0x00000000245d0000,0x00000000246d0000)]
  0x000000001b249800 JavaThread "Exec Stream Pumper" daemon [_thread_in_native, id=40888, stack(0x00000000244d0000,0x00000000245d0000)]
  0x000000001b24a000 JavaThread "Exec Default Executor" daemon [_thread_in_native, id=40784, stack(0x00000000243d0000,0x00000000244d0000)]
  0x000000001b247000 JavaThread "Exec Stream Pumper" daemon [_thread_in_native, id=39432, stack(0x00000000242d0000,0x00000000243d0000)]
  0x000000001b248800 JavaThread "Exec Stream Pumper" daemon [_thread_in_native, id=39448, stack(0x00000000241d0000,0x00000000242d0000)]
  0x000000001b246800 JavaThread "Exec Default Executor" daemon [_thread_in_native, id=39568, stack(0x00000000240d0000,0x00000000241d0000)]
  0x000000001b245800 JavaThread "Exec Stream Pumper" daemon [_thread_in_native, id=38252, stack(0x0000000023fd0000,0x00000000240d0000)]
  0x000000001a997000 JavaThread "Exec Stream Pumper" daemon [_thread_in_native, id=36704, stack(0x0000000023ed0000,0x0000000023fd0000)]
  0x000000001a995800 JavaThread "Exec Default Executor" daemon [_thread_in_native, id=35176, stack(0x0000000023dd0000,0x0000000023ed0000)]
  0x000000001a996800 JavaThread "Exec Stream Pumper" daemon [_thread_in_native, id=38496, stack(0x0000000023cd0000,0x0000000023dd0000)]
  0x000000001a98e000 JavaThread "Exec Stream Pumper" daemon [_thread_in_native, id=38492, stack(0x0000000023bd0000,0x0000000023cd0000)]
  0x000000001a994000 JavaThread "Exec Default Executor" daemon [_thread_in_native, id=38480, stack(0x0000000023ad0000,0x0000000023bd0000)]
  0x000000001a995000 JavaThread "Exec Stream Pumper" daemon [_thread_in_native, id=35324, stack(0x00000000239d0000,0x0000000023ad0000)]
  0x000000001a993800 JavaThread "Exec Stream Pumper" daemon [_thread_in_native, id=36988, stack(0x00000000238d0000,0x00000000239d0000)]
  0x000000001a98c000 JavaThread "Exec Default Executor" daemon [_thread_in_native, id=37012, stack(0x00000000237d0000,0x00000000238d0000)]
  0x000000001a992800 JavaThread "Exec Stream Pumper" daemon [_thread_in_native, id=33984, stack(0x00000000236d0000,0x00000000237d0000)]
  0x000000001a992000 JavaThread "Exec Stream Pumper" daemon [_thread_in_native, id=31216, stack(0x00000000235d0000,0x00000000236d0000)]
  0x000000001a991000 JavaThread "Exec Default Executor" daemon [_thread_in_native, id=32600, stack(0x00000000234d0000,0x00000000235d0000)]
  0x000000001a989800 JavaThread "Exec Stream Pumper" daemon [_thread_in_native, id=9084, stack(0x00000000233d0000,0x00000000234d0000)]
  0x000000001a98c800 JavaThread "Exec Stream Pumper" daemon [_thread_in_native, id=35256, stack(0x00000000232d0000,0x00000000233d0000)]
  0x000000001a990800 JavaThread "Exec Default Executor" daemon [_thread_in_native, id=34296, stack(0x00000000231d0000,0x00000000232d0000)]
  0x000000001a98a800 JavaThread "Exec Stream Pumper" daemon [_thread_in_native, id=35736, stack(0x00000000230d0000,0x00000000231d0000)]
  0x000000001a98f800 JavaThread "Exec Stream Pumper" daemon [_thread_in_native, id=35732, stack(0x0000000022fd0000,0x00000000230d0000)]
  0x000000001a98b000 JavaThread "Exec Default Executor" daemon [_thread_in_native, id=35720, stack(0x0000000022ed0000,0x0000000022fd0000)]
  0x000000001a988000 JavaThread "Exec Stream Pumper" daemon [_thread_in_native, id=34748, stack(0x0000000022dd0000,0x0000000022ed0000)]
  0x000000001a989000 JavaThread "Exec Stream Pumper" daemon [_thread_in_native, id=34744, stack(0x0000000022cd0000,0x0000000022dd0000)]
  0x000000001a98d800 JavaThread "Exec Default Executor" daemon [_thread_in_native, id=34732, stack(0x0000000022bd0000,0x0000000022cd0000)]
  0x000000001a98f000 JavaThread "Exec Stream Pumper" daemon [_thread_in_native, id=32640, stack(0x0000000022ad0000,0x0000000022bd0000)]
  0x0000000019fac800 JavaThread "Exec Stream Pumper" daemon [_thread_in_native, id=25272, stack(0x00000000229d0000,0x0000000022ad0000)]
  0x0000000019fac000 JavaThread "Exec Default Executor" daemon [_thread_in_native, id=31860, stack(0x00000000228d0000,0x00000000229d0000)]
  0x0000000019faa800 JavaThread "Exec Stream Pumper" daemon [_thread_in_native, id=33784, stack(0x00000000227d0000,0x00000000228d0000)]
  0x0000000019fa9800 JavaThread "Exec Stream Pumper" daemon [_thread_in_native, id=33780, stack(0x00000000226d0000,0x00000000227d0000)]
  0x0000000019fa8000 JavaThread "Exec Default Executor" daemon [_thread_in_native, id=33768, stack(0x00000000225d0000,0x00000000226d0000)]
  0x0000000019fa9000 JavaThread "Exec Stream Pumper" daemon [_thread_in_native, id=31896, stack(0x00000000224d0000,0x00000000225d0000)]
  0x0000000019fad800 JavaThread "Exec Stream Pumper" daemon [_thread_in_native, id=31948, stack(0x00000000223d0000,0x00000000224d0000)]
  0x0000000019faf000 JavaThread "Exec Default Executor" daemon [_thread_in_native, id=32724, stack(0x00000000222d0000,0x00000000223d0000)]
  0x0000000019fab000 JavaThread "Exec Stream Pumper" daemon [_thread_in_native, id=31680, stack(0x00000000221d0000,0x00000000222d0000)]
  0x0000000019fa7800 JavaThread "Exec Stream Pumper" daemon [_thread_in_native, id=31700, stack(0x00000000220d0000,0x00000000221d0000)]
  0x0000000019fae000 JavaThread "Exec Default Executor" daemon [_thread_in_native, id=31352, stack(0x0000000021fd0000,0x00000000220d0000)]
  0x0000000019fa0000 JavaThread "Exec Stream Pumper" daemon [_thread_in_native, id=31272, stack(0x0000000021ed0000,0x0000000021fd0000)]
  0x0000000019fa6800 JavaThread "Exec Stream Pumper" daemon [_thread_in_native, id=31268, stack(0x0000000021dd0000,0x0000000021ed0000)]
  0x0000000019fa3000 JavaThread "Exec Default Executor" daemon [_thread_in_native, id=31256, stack(0x0000000021cd0000,0x0000000021dd0000)]
  0x0000000019fa2000 JavaThread "Exec Stream Pumper" daemon [_thread_in_native, id=30572, stack(0x0000000021bd0000,0x0000000021cd0000)]
  0x0000000019fa6000 JavaThread "Exec Stream Pumper" daemon [_thread_in_native, id=30568, stack(0x0000000021ad0000,0x0000000021bd0000)]
  0x0000000019fa5000 JavaThread "Exec Default Executor" daemon [_thread_in_native, id=30556, stack(0x00000000219d0000,0x0000000021ad0000)]
  0x0000000019fa0800 JavaThread "Exec Stream Pumper" daemon [_thread_in_native, id=29624, stack(0x00000000218d0000,0x00000000219d0000)]
  0x0000000019fa1800 JavaThread "Exec Stream Pumper" daemon [_thread_in_native, id=29620, stack(0x00000000217d0000,0x00000000218d0000)]
  0x0000000019fa4800 JavaThread "Exec Default Executor" daemon [_thread_in_native, id=29608, stack(0x00000000216d0000,0x00000000217d0000)]
  0x0000000019fa3800 JavaThread "Exec Stream Pumper" daemon [_thread_in_native, id=3308, stack(0x00000000215d0000,0x00000000216d0000)]
  0x0000000019b33800 JavaThread "Exec Stream Pumper" daemon [_thread_in_native, id=10784, stack(0x00000000214d0000,0x00000000215d0000)]
  0x0000000019b32000 JavaThread "Exec Default Executor" daemon [_thread_in_native, id=24444, stack(0x00000000213d0000,0x00000000214d0000)]
  0x0000000019b33000 JavaThread "Exec Stream Pumper" daemon [_thread_in_native, id=28428, stack(0x00000000212d0000,0x00000000213d0000)]
  0x0000000019b2b000 JavaThread "Exec Stream Pumper" daemon [_thread_in_native, id=28424, stack(0x00000000211d0000,0x00000000212d0000)]
  0x0000000019b31800 JavaThread "Exec Default Executor" daemon [_thread_in_native, id=28404, stack(0x00000000210d0000,0x00000000211d0000)]
  0x0000000019b2e800 JavaThread "Exec Stream Pumper" daemon [_thread_in_native, id=26388, stack(0x0000000020fd0000,0x00000000210d0000)]
  0x0000000019b2d800 JavaThread "Exec Stream Pumper" daemon [_thread_in_native, id=26744, stack(0x0000000020ed0000,0x0000000020fd0000)]
  0x0000000019b29800 JavaThread "Exec Default Executor" daemon [_thread_in_native, id=25512, stack(0x0000000020dd0000,0x0000000020ed0000)]
  0x0000000019b30800 JavaThread "Exec Stream Pumper" daemon [_thread_in_native, id=25104, stack(0x0000000020cd0000,0x0000000020dd0000)]
  0x0000000019b30000 JavaThread "Exec Stream Pumper" daemon [_thread_in_native, id=26480, stack(0x0000000020bd0000,0x0000000020cd0000)]
  0x0000000019b2f000 JavaThread "Exec Default Executor" daemon [_thread_in_native, id=25444, stack(0x0000000020ad0000,0x0000000020bd0000)]
  0x0000000019b27800 JavaThread "Exec Stream Pumper" daemon [_thread_in_native, id=26132, stack(0x00000000209d0000,0x0000000020ad0000)]
  0x0000000019b2c800 JavaThread "Exec Stream Pumper" daemon [_thread_in_native, id=26128, stack(0x00000000208d0000,0x00000000209d0000)]
  0x0000000019b29000 JavaThread "Exec Default Executor" daemon [_thread_in_native, id=26116, stack(0x00000000207d0000,0x00000000208d0000)]
  0x0000000019b26800 JavaThread "Exec Stream Pumper" daemon [_thread_in_native, id=25596, stack(0x00000000206d0000,0x00000000207d0000)]
  0x0000000019b25000 JavaThread "Exec Stream Pumper" daemon [_thread_in_native, id=25592, stack(0x00000000205d0000,0x00000000206d0000)]
  0x0000000019b2c000 JavaThread "Exec Default Executor" daemon [_thread_in_native, id=25580, stack(0x00000000204d0000,0x00000000205d0000)]
  0x0000000019b28000 JavaThread "Exec Stream Pumper" daemon [_thread_in_native, id=22636, stack(0x00000000203d0000,0x00000000204d0000)]
  0x0000000019b26000 JavaThread "Exec Stream Pumper" daemon [_thread_in_native, id=11276, stack(0x00000000202d0000,0x00000000203d0000)]
  0x0000000019b2a800 JavaThread "Exec Default Executor" daemon [_thread_in_native, id=9088, stack(0x00000000201d0000,0x00000000202d0000)]
  0x0000000019b24800 JavaThread "Exec Stream Pumper" daemon [_thread_in_native, id=21324, stack(0x00000000200d0000,0x00000000201d0000)]
  0x000000001b12e000 JavaThread "Exec Stream Pumper" daemon [_thread_in_native, id=7492, stack(0x000000001ffd0000,0x00000000200d0000)]
  0x000000001b12d000 JavaThread "Exec Default Executor" daemon [_thread_in_native, id=17452, stack(0x000000001fed0000,0x000000001ffd0000)]
  0x000000001b12b800 JavaThread "Exec Stream Pumper" daemon [_thread_in_native, id=17112, stack(0x000000001fdd0000,0x000000001fed0000)]
  0x000000001b12c800 JavaThread "Exec Stream Pumper" daemon [_thread_in_native, id=5320, stack(0x000000001edd0000,0x000000001eed0000)]
  0x000000001b12b000 JavaThread "Exec Default Executor" daemon [_thread_in_native, id=21492, stack(0x000000001ecd0000,0x000000001edd0000)]
  0x000000001b12a000 JavaThread "Exec Stream Pumper" daemon [_thread_in_native, id=1404, stack(0x000000001fcd0000,0x000000001fdd0000)]
  0x000000001b129800 JavaThread "Exec Stream Pumper" daemon [_thread_in_native, id=2780, stack(0x000000001fbd0000,0x000000001fcd0000)]
  0x000000001b122000 JavaThread "Exec Default Executor" daemon [_thread_in_native, id=9648, stack(0x000000001fad0000,0x000000001fbd0000)]
  0x000000001b128800 JavaThread "Exec Stream Pumper" daemon [_thread_in_native, id=5868, stack(0x000000001f9d0000,0x000000001fad0000)]
  0x000000001b125000 JavaThread "Exec Stream Pumper" daemon [_thread_in_native, id=4084, stack(0x000000001f8d0000,0x000000001f9d0000)]
  0x000000001b121000 JavaThread "Exec Default Executor" daemon [_thread_in_native, id=3452, stack(0x000000001f7d0000,0x000000001f8d0000)]
  0x000000001b128000 JavaThread "Exec Stream Pumper" daemon [_thread_in_native, id=13552, stack(0x000000001f6d0000,0x000000001f7d0000)]
  0x000000001b122800 JavaThread "Exec Stream Pumper" daemon [_thread_in_native, id=21988, stack(0x000000001f5d0000,0x000000001f6d0000)]
  0x000000001b120800 JavaThread "Exec Default Executor" daemon [_thread_in_native, id=5668, stack(0x000000001f4d0000,0x000000001f5d0000)]
  0x000000001b127000 JavaThread "Exec Stream Pumper" daemon [_thread_in_native, id=13104, stack(0x0000000002920000,0x0000000002a20000)]
  0x000000001b124000 JavaThread "Exec Stream Pumper" daemon [_thread_in_native, id=17100, stack(0x0000000001050000,0x0000000001150000)]
  0x000000001b11f800 JavaThread "Exec Default Executor" daemon [_thread_in_native, id=21644, stack(0x0000000000f50000,0x0000000001050000)]
  0x000000001b123800 JavaThread "Exec Stream Pumper" daemon [_thread_in_native, id=15508, stack(0x000000001f3d0000,0x000000001f4d0000)]
  0x000000001b126800 JavaThread "Exec Stream Pumper" daemon [_thread_in_native, id=16416, stack(0x000000001f2d0000,0x000000001f3d0000)]
  0x000000001b125800 JavaThread "Exec Default Executor" daemon [_thread_in_native, id=12116, stack(0x000000001f1d0000,0x000000001f2d0000)]
  0x000000001b11f000 JavaThread "Exec Stream Pumper" daemon [_thread_in_native, id=18152, stack(0x000000001f0d0000,0x000000001f1d0000)]
  0x000000001b226800 JavaThread "Exec Stream Pumper" daemon [_thread_in_native, id=24360, stack(0x000000001efd0000,0x000000001f0d0000)]
  0x000000001b225800 JavaThread "Exec Default Executor" daemon [_thread_in_native, id=2328, stack(0x000000001ebd0000,0x000000001ecd0000)]
  0x000000001b22c800 JavaThread "Exec Stream Pumper" daemon [_thread_in_native, id=4248, stack(0x000000001ead0000,0x000000001ebd0000)]
  0x000000001b228000 JavaThread "Exec Stream Pumper" daemon [_thread_in_native, id=13212, stack(0x000000001e9d0000,0x000000001ead0000)]
  0x000000001b22a000 JavaThread "Exec Default Executor" daemon [_thread_in_native, id=7708, stack(0x000000001e4d0000,0x000000001e5d0000)]
  0x000000001b22b000 JavaThread "Okio Watchdog" daemon [_thread_blocked, id=3128, stack(0x000000001e8d0000,0x000000001e9d0000)]
  0x000000001b22b800 JavaThread "OkHttp ConnectionPool" daemon [_thread_blocked, id=6196, stack(0x000000001e7d0000,0x000000001e8d0000)]
  0x000000001b229800 JavaThread "Exec Stream Pumper" daemon [_thread_in_native, id=6936, stack(0x000000001e1d0000,0x000000001e2d0000)]
  0x000000001b228800 JavaThread "Exec Stream Pumper" daemon [_thread_in_native, id=22652, stack(0x000000001e0d0000,0x000000001e1d0000)]
  0x000000001b227000 JavaThread "Exec Default Executor" daemon [_thread_in_native, id=10360, stack(0x000000001b930000,0x000000001ba30000)]
  0x0000000019b98800 JavaThread "ReaderThread" [_thread_in_native, id=14368, stack(0x000000001a460000,0x000000001a560000)]
  0x0000000019051000 JavaThread "Service Thread" daemon [_thread_blocked, id=11040, stack(0x0000000019520000,0x0000000019620000)]
  0x0000000019030800 JavaThread "C1 CompilerThread2" daemon [_thread_blocked, id=9176, stack(0x0000000019420000,0x0000000019520000)]
=>0x00000000177c6000 JavaThread "C2 CompilerThread1" daemon [_thread_in_native, id=17360, stack(0x0000000018f20000,0x0000000019020000)]
  0x00000000177bf800 JavaThread "C2 CompilerThread0" daemon [_thread_blocked, id=16148, stack(0x0000000018e20000,0x0000000018f20000)]
  0x00000000177be800 JavaThread "Attach Listener" daemon [_thread_blocked, id=18044, stack(0x0000000018d20000,0x0000000018e20000)]
  0x00000000177d1800 JavaThread "Signal Dispatcher" daemon [_thread_blocked, id=17476, stack(0x0000000018c20000,0x0000000018d20000)]
  0x0000000002cfe800 JavaThread "Finalizer" daemon [_thread_blocked, id=21956, stack(0x0000000018a20000,0x0000000018b20000)]
  0x0000000002cf5000 JavaThread "Reference Handler" daemon [_thread_blocked, id=1692, stack(0x0000000018920000,0x0000000018a20000)]
  0x0000000002c05000 JavaThread "main" [_thread_in_Java, id=10036, stack(0x0000000002b00000,0x0000000002c00000)]

Other Threads:
  0x0000000017787800 VMThread [stack: 0x0000000018820000,0x0000000018920000] [id=9172]
  0x000000001781e000 WatcherThread [stack: 0x0000000019620000,0x0000000019720000] [id=10288]

VM state:not at safepoint (normal execution)

VM Mutex/Monitor currently owned by a thread: None

heap address: 0x0000000082400000, size: 2012 MB, Compressed Oops mode: 32-bit
Narrow klass base: 0x0000000000000000, Narrow klass shift: 3
Compressed class space size: 1073741824 Address: 0x0000000100000000

Heap:
 PSYoungGen      total 35840K, used 34364K [0x00000000d6180000, 0x00000000d9080000, 0x0000000100000000)
  eden space 29696K, 95% used [0x00000000d6180000,0x00000000d7d2c090,0x00000000d7e80000)
  from space 6144K, 98% used [0x00000000d7f00000,0x00000000d84e3090,0x00000000d8500000)
  to   space 9216K, 0% used [0x00000000d8780000,0x00000000d8780000,0x00000000d9080000)
 ParOldGen       total 65024K, used 9412K [0x0000000082400000, 0x0000000086380000, 0x00000000d6180000)
  object space 65024K, 14% used [0x0000000082400000,0x0000000082d31350,0x0000000086380000)
 Metaspace       used 25212K, capacity 25976K, committed 26240K, reserved 1073152K
  class space    used 2903K, capacity 3140K, committed 3200K, reserved 1048576K

Card table byte_map: [0x00000000120c0000,0x00000000124b0000] byte_map_base: 0x0000000011cae000

Marking Bits: (ParMarkBitMap*) 0x0000000061f75ce0
 Begin Bits: [0x0000000012b50000, 0x0000000014ac0000)
 End Bits:   [0x0000000014ac0000, 0x0000000016a30000)

Polling page: 0x00000000009f0000

CodeCache: size=245760Kb used=14498Kb max_used=14512Kb free=231261Kb
 bounds [0x0000000002d00000, 0x0000000003b50000, 0x0000000011d00000]
 total_blobs=4850 nmethods=4403 adapters=359
 compilation: enabled

Compilation events (10 events):
Event: 1967.383 Thread 0x0000000019030800 nmethod 5288 0x0000000003b40b10 code [0x0000000003b40ca0, 0x0000000003b411a8]
Event: 1967.410 Thread 0x0000000019030800 5289       3       okhttp3.internal.Util::containsInvalidHostnameAsciiCodes (50 bytes)
Event: 1967.412 Thread 0x0000000019030800 nmethod 5289 0x0000000003b3ff90 code [0x0000000003b40140, 0x0000000003b40878]
Event: 1968.221 Thread 0x00000000177bf800 5290       4       com.sun.org.apache.xerces.internal.xni.QName::clear (21 bytes)
Event: 1968.223 Thread 0x00000000177bf800 nmethod 5290 0x00000000033baf10 code [0x00000000033bb040, 0x00000000033bb0b8]
Event: 1968.223 Thread 0x00000000177c6000 5291       4       com.sun.org.apache.xerces.internal.util.NamespaceSupport::getURI (38 bytes)
Event: 1968.230 Thread 0x00000000177c6000 nmethod 5291 0x0000000003b3fc10 code [0x0000000003b3fd60, 0x0000000003b3fe98]
Event: 1968.252 Thread 0x00000000177c6000 5292   !   4       com.sun.org.apache.xerces.internal.parsers.XML11Configuration::setFeature (155 bytes)
Event: 1968.266 Thread 0x00000000177bf800 5293       4       sun.misc.URLClassPath$1::next (63 bytes)
Event: 1968.297 Thread 0x00000000177bf800 nmethod 5293 0x00000000030f18d0 code [0x00000000030f1a60, 0x00000000030f1cb0]

GC Heap History (10 events):
Event: 369.377 GC heap before
{Heap before GC invocations=8 (full 1):
 PSYoungGen      total 34816K, used 34444K [0x00000000d6180000, 0x00000000d9b80000, 0x0000000100000000)
  eden space 32256K, 100% used [0x00000000d6180000,0x00000000d8100000,0x00000000d8100000)
  from space 2560K, 85% used [0x00000000d9900000,0x00000000d9b23190,0x00000000d9b80000)
  to   space 10752K, 0% used [0x00000000d8680000,0x00000000d8680000,0x00000000d9100000)
 ParOldGen       total 65024K, used 9380K [0x0000000082400000, 0x0000000086380000, 0x00000000d6180000)
  object space 65024K, 14% used [0x0000000082400000,0x0000000082d29350,0x0000000086380000)
 Metaspace       used 24414K, capacity 25098K, committed 25216K, reserved 1071104K
  class space    used 2879K, capacity 3111K, committed 3200K, reserved 1048576K
Event: 369.507 GC heap after
Heap after GC invocations=8 (full 1):
 PSYoungGen      total 34816K, used 3068K [0x00000000d6180000, 0x00000000d9980000, 0x0000000100000000)
  eden space 31744K, 0% used [0x00000000d6180000,0x00000000d6180000,0x00000000d8080000)
  from space 3072K, 99% used [0x00000000d8680000,0x00000000d897f048,0x00000000d8980000)
  to   space 10752K, 0% used [0x00000000d8f00000,0x00000000d8f00000,0x00000000d9980000)
 ParOldGen       total 65024K, used 9388K [0x0000000082400000, 0x0000000086380000, 0x00000000d6180000)
  object space 65024K, 14% used [0x0000000082400000,0x0000000082d2b350,0x0000000086380000)
 Metaspace       used 24414K, capacity 25098K, committed 25216K, reserved 1071104K
  class space    used 2879K, capacity 3111K, committed 3200K, reserved 1048576K
}
Event: 541.966 GC heap before
{Heap before GC invocations=9 (full 1):
 PSYoungGen      total 34816K, used 34812K [0x00000000d6180000, 0x00000000d9980000, 0x0000000100000000)
  eden space 31744K, 100% used [0x00000000d6180000,0x00000000d8080000,0x00000000d8080000)
  from space 3072K, 99% used [0x00000000d8680000,0x00000000d897f048,0x00000000d8980000)
  to   space 10752K, 0% used [0x00000000d8f00000,0x00000000d8f00000,0x00000000d9980000)
 ParOldGen       total 65024K, used 9388K [0x0000000082400000, 0x0000000086380000, 0x00000000d6180000)
  object space 65024K, 14% used [0x0000000082400000,0x0000000082d2b350,0x0000000086380000)
 Metaspace       used 24678K, capacity 25404K, committed 25728K, reserved 1071104K
  class space    used 2889K, capacity 3128K, committed 3200K, reserved 1048576K
Event: 542.245 GC heap after
Heap after GC invocations=9 (full 1):
 PSYoungGen      total 36352K, used 4078K [0x00000000d6180000, 0x00000000d9400000, 0x0000000100000000)
  eden space 31232K, 0% used [0x00000000d6180000,0x00000000d6180000,0x00000000d8000000)
  from space 5120K, 79% used [0x00000000d8f00000,0x00000000d92fbb50,0x00000000d9400000)
  to   space 10240K, 0% used [0x00000000d8000000,0x00000000d8000000,0x00000000d8a00000)
 ParOldGen       total 65024K, used 9396K [0x0000000082400000, 0x0000000086380000, 0x00000000d6180000)
  object space 65024K, 14% used [0x0000000082400000,0x0000000082d2d350,0x0000000086380000)
 Metaspace       used 24678K, capacity 25404K, committed 25728K, reserved 1071104K
  class space    used 2889K, capacity 3128K, committed 3200K, reserved 1048576K
}
Event: 741.427 GC heap before
{Heap before GC invocations=10 (full 1):
 PSYoungGen      total 36352K, used 35310K [0x00000000d6180000, 0x00000000d9400000, 0x0000000100000000)
  eden space 31232K, 100% used [0x00000000d6180000,0x00000000d8000000,0x00000000d8000000)
  from space 5120K, 79% used [0x00000000d8f00000,0x00000000d92fbb50,0x00000000d9400000)
  to   space 10240K, 0% used [0x00000000d8000000,0x00000000d8000000,0x00000000d8a00000)
 ParOldGen       total 65024K, used 9396K [0x0000000082400000, 0x0000000086380000, 0x00000000d6180000)
  object space 65024K, 14% used [0x0000000082400000,0x0000000082d2d350,0x0000000086380000)
 Metaspace       used 24812K, capacity 25544K, committed 25728K, reserved 1071104K
  class space    used 2890K, capacity 3130K, committed 3200K, reserved 1048576K
Event: 741.785 GC heap after
Heap after GC invocations=10 (full 1):
 PSYoungGen      total 35328K, used 4523K [0x00000000d6180000, 0x00000000d9280000, 0x0000000100000000)
  eden space 30720K, 0% used [0x00000000d6180000,0x00000000d6180000,0x00000000d7f80000)
  from space 4608K, 98% used [0x00000000d8000000,0x00000000d846af80,0x00000000d8480000)
  to   space 9728K, 0% used [0x00000000d8900000,0x00000000d8900000,0x00000000d9280000)
 ParOldGen       total 65024K, used 9404K [0x0000000082400000, 0x0000000086380000, 0x00000000d6180000)
  object space 65024K, 14% used [0x0000000082400000,0x0000000082d2f350,0x0000000086380000)
 Metaspace       used 24812K, capacity 25544K, committed 25728K, reserved 1071104K
  class space    used 2890K, capacity 3130K, committed 3200K, reserved 1048576K
}
Event: 1023.178 GC heap before
{Heap before GC invocations=11 (full 1):
 PSYoungGen      total 35328K, used 35243K [0x00000000d6180000, 0x00000000d9280000, 0x0000000100000000)
  eden space 30720K, 100% used [0x00000000d6180000,0x00000000d7f80000,0x00000000d7f80000)
  from space 4608K, 98% used [0x00000000d8000000,0x00000000d846af80,0x00000000d8480000)
  to   space 9728K, 0% used [0x00000000d8900000,0x00000000d8900000,0x00000000d9280000)
 ParOldGen       total 65024K, used 9404K [0x0000000082400000, 0x0000000086380000, 0x00000000d6180000)
  object space 65024K, 14% used [0x0000000082400000,0x0000000082d2f350,0x0000000086380000)
 Metaspace       used 24959K, capacity 25680K, committed 25984K, reserved 1073152K
  class space    used 2890K, capacity 3130K, committed 3200K, reserved 1048576K
Event: 1023.564 GC heap after
Heap after GC invocations=11 (full 1):
 PSYoungGen      total 38400K, used 5277K [0x00000000d6180000, 0x00000000d9100000, 0x0000000100000000)
  eden space 30208K, 0% used [0x00000000d6180000,0x00000000d6180000,0x00000000d7f00000)
  from space 8192K, 64% used [0x00000000d8900000,0x00000000d8e276e8,0x00000000d9100000)
  to   space 9216K, 0% used [0x00000000d7f00000,0x00000000d7f00000,0x00000000d8800000)
 ParOldGen       total 65024K, used 9404K [0x0000000082400000, 0x0000000086380000, 0x00000000d6180000)
  object space 65024K, 14% used [0x0000000082400000,0x0000000082d2f350,0x0000000086380000)
 Metaspace       used 24959K, capacity 25680K, committed 25984K, reserved 1073152K
  class space    used 2890K, capacity 3130K, committed 3200K, reserved 1048576K
}
Event: 1492.014 GC heap before
{Heap before GC invocations=12 (full 1):
 PSYoungGen      total 38400K, used 35485K [0x00000000d6180000, 0x00000000d9100000, 0x0000000100000000)
  eden space 30208K, 100% used [0x00000000d6180000,0x00000000d7f00000,0x00000000d7f00000)
  from space 8192K, 64% used [0x00000000d8900000,0x00000000d8e276e8,0x00000000d9100000)
  to   space 9216K, 0% used [0x00000000d7f00000,0x00000000d7f00000,0x00000000d8800000)
 ParOldGen       total 65024K, used 9404K [0x0000000082400000, 0x0000000086380000, 0x00000000d6180000)
  object space 65024K, 14% used [0x0000000082400000,0x0000000082d2f350,0x0000000086380000)
 Metaspace       used 25142K, capacity 25848K, committed 25984K, reserved 1073152K
  class space    used 2903K, capacity 3140K, committed 3200K, reserved 1048576K
Event: 1493.190 GC heap after
Heap after GC invocations=12 (full 1):
 PSYoungGen      total 35840K, used 6028K [0x00000000d6180000, 0x00000000d9080000, 0x0000000100000000)
  eden space 29696K, 0% used [0x00000000d6180000,0x00000000d6180000,0x00000000d7e80000)
  from space 6144K, 98% used [0x00000000d7f00000,0x00000000d84e3090,0x00000000d8500000)
  to   space 9216K, 0% used [0x00000000d8780000,0x00000000d8780000,0x00000000d9080000)
 ParOldGen       total 65024K, used 9412K [0x0000000082400000, 0x0000000086380000, 0x00000000d6180000)
  object space 65024K, 14% used [0x0000000082400000,0x0000000082d31350,0x0000000086380000)
 Metaspace       used 25142K, capacity 25848K, committed 25984K, reserved 1073152K
  class space    used 2903K, capacity 3140K, committed 3200K, reserved 1048576K
}

Deoptimization events (10 events):
Event: 845.194 Thread 0x0000000002c05000 Uncommon trap: reason=predicate action=maybe_recompile pc=0x00000000033d7fa8 method=java.util.AbstractCollection.toArray([Ljava/lang/Object;)[Ljava/lang/Object; @ 49
Event: 906.471 Thread 0x0000000002c05000 Uncommon trap: reason=array_check action=maybe_recompile pc=0x00000000035b501c method=java.util.AbstractCollection.toArray([Ljava/lang/Object;)[Ljava/lang/Object; @ 119
Event: 906.481 Thread 0x0000000002c05000 Uncommon trap: reason=array_check action=maybe_recompile pc=0x00000000035b501c method=java.util.AbstractCollection.toArray([Ljava/lang/Object;)[Ljava/lang/Object; @ 119
Event: 906.482 Thread 0x0000000002c05000 Uncommon trap: reason=array_check action=maybe_recompile pc=0x00000000035b501c method=java.util.AbstractCollection.toArray([Ljava/lang/Object;)[Ljava/lang/Object; @ 119
Event: 906.482 Thread 0x0000000002c05000 Uncommon trap: reason=array_check action=maybe_recompile pc=0x00000000035b501c method=java.util.AbstractCollection.toArray([Ljava/lang/Object;)[Ljava/lang/Object; @ 119
Event: 1270.666 Thread 0x0000000002c05000 Uncommon trap: reason=unstable_if action=reinterpret pc=0x00000000032ee4ac method=com.google.gson.stream.JsonWriter.string(Ljava/lang/String;)V @ 143
Event: 1271.904 Thread 0x0000000002c05000 Uncommon trap: reason=unstable_if action=reinterpret pc=0x000000000368a22c method=java.lang.reflect.Method.invoke(Ljava/lang/Object;[Ljava/lang/Object;)Ljava/lang/Object; @ 45
Event: 1449.240 Thread 0x0000000019fa1800 Uncommon trap: reason=unstable_if action=reinterpret pc=0x00000000036ed938 method=org.openqa.selenium.io.CircularOutputStream.write(I)V @ 9
Event: 1568.591 Thread 0x0000000019fa1800 Uncommon trap: reason=unstable_if action=reinterpret pc=0x00000000033425f0 method=org.openqa.selenium.io.CircularOutputStream.write(I)V @ 52
Event: 1894.698 Thread 0x0000000002c05000 Uncommon trap: reason=null_check action=make_not_entrant pc=0x0000000003b228ac method=org.testng.shaded.com.google.gson.internal.Excluder.isAnonymousOrLocal(Ljava/lang/Class;)Z @ 3

Classes redefined (0 events):
No events

Internal exceptions (10 events):
Event: 1846.837 Thread 0x0000000002c05000 Exception <a 'java/net/SocketTimeoutException': connect timed out> (0x00000000d741cb60) thrown at [C:\re\workspace\8-2-build-windows-amd64-cygwin\jdk8u221\13320\hotspot\src\share\vm\prims\jni.cpp, line 736]
Event: 1847.838 Thread 0x0000000002c05000 Exception <a 'java/net/SocketTimeoutException': connect timed out> (0x00000000d741d638) thrown at [C:\re\workspace\8-2-build-windows-amd64-cygwin\jdk8u221\13320\hotspot\src\share\vm\prims\jni.cpp, line 736]
Event: 1848.861 Thread 0x0000000002c05000 Exception <a 'java/net/SocketTimeoutException': connect timed out> (0x00000000d741e110) thrown at [C:\re\workspace\8-2-build-windows-amd64-cygwin\jdk8u221\13320\hotspot\src\share\vm\prims\jni.cpp, line 736]
Event: 1849.863 Thread 0x0000000002c05000 Exception <a 'java/net/SocketTimeoutException': connect timed out> (0x00000000d741ebe8) thrown at [C:\re\workspace\8-2-build-windows-amd64-cygwin\jdk8u221\13320\hotspot\src\share\vm\prims\jni.cpp, line 736]
Event: 1850.863 Thread 0x0000000002c05000 Exception <a 'java/net/SocketTimeoutException': connect timed out> (0x00000000d741f6c0) thrown at [C:\re\workspace\8-2-build-windows-amd64-cygwin\jdk8u221\13320\hotspot\src\share\vm\prims\jni.cpp, line 736]
Event: 1929.142 Thread 0x0000000002c05000 Exception <a 'java/net/SocketTimeoutException': connect timed out> (0x00000000d7aa64f0) thrown at [C:\re\workspace\8-2-build-windows-amd64-cygwin\jdk8u221\13320\hotspot\src\share\vm\prims\jni.cpp, line 736]
Event: 1960.636 Thread 0x0000000002c05000 Exception <a 'java/net/SocketTimeoutException': Read timed out> (0x00000000d7b61140) thrown at [C:\re\workspace\8-2-build-windows-amd64-cygwin\jdk8u221\13320\hotspot\src\share\vm\prims\jni.cpp, line 736]
Event: 1967.258 Thread 0x0000000002c05000 Exception <a 'java/net/SocketTimeoutException': Read timed out> (0x00000000d7b98668) thrown at [C:\re\workspace\8-2-build-windows-amd64-cygwin\jdk8u221\13320\hotspot\src\share\vm\prims\jni.cpp, line 736]
Event: 1967.283 Thread 0x0000000002c05000 Exception <a 'java/net/SocketTimeoutException': Read timed out> (0x00000000d7ba62b8) thrown at [C:\re\workspace\8-2-build-windows-amd64-cygwin\jdk8u221\13320\hotspot\src\share\vm\prims\jni.cpp, line 736]
Event: 1967.309 Thread 0x0000000002c05000 Exception <a 'java/lang/NullPointerException'> (0x00000000d7bb2960) thrown at [C:\re\workspace\8-2-build-windows-amd64-cygwin\jdk8u221\13320\hotspot\src\share\vm\interpreter\linkResolver.cpp, line 1185]

Events (10 events):
Event: 1944.642 Executing VM operation: RevokeBias done
Event: 1960.592 Executing VM operation: RevokeBias
Event: 1960.593 Executing VM operation: RevokeBias done
Event: 1960.593 Executing VM operation: RevokeBias
Event: 1960.594 Executing VM operation: RevokeBias done
Event: 1960.594 Executing VM operation: RevokeBias
Event: 1960.598 Executing VM operation: RevokeBias done
Event: 1967.419 Thread 0x0000000019030800 flushing nmethod 0x0000000003018110
Event: 1968.224 Thread 0x00000000177bf800 flushing nmethod 0x0000000003072810
Event: 1968.236 Thread 0x00000000177bf800 flushing nmethod 0x00000000030f18d0


Dynamic libraries:
0x00007ff699ec0000 - 0x00007ff699ef7000 	C:\Program Files\Java\jdk1.8.0_221\bin\javaw.exe
0x00007ffb867c0000 - 0x00007ffb869b0000 	C:\WINDOWS\SYSTEM32\ntdll.dll
0x00007ffb85120000 - 0x00007ffb851d2000 	C:\WINDOWS\System32\KERNEL32.DLL
0x00007ffb845c0000 - 0x00007ffb84864000 	C:\WINDOWS\System32\KERNELBASE.dll
0x00007ffb84870000 - 0x00007ffb84913000 	C:\WINDOWS\System32\ADVAPI32.dll
0x00007ffb85470000 - 0x00007ffb8550e000 	C:\WINDOWS\System32\msvcrt.dll
0x00007ffb85ce0000 - 0x00007ffb85d77000 	C:\WINDOWS\System32\sechost.dll
0x00007ffb851e0000 - 0x00007ffb85300000 	C:\WINDOWS\System32\RPCRT4.dll
0x00007ffb84c60000 - 0x00007ffb84df5000 	C:\WINDOWS\System32\USER32.dll
0x00007ffb843c0000 - 0x00007ffb843e1000 	C:\WINDOWS\System32\win32u.dll
0x00007ffb84e00000 - 0x00007ffb84e26000 	C:\WINDOWS\System32\GDI32.dll
0x00007ffb83a90000 - 0x00007ffb83c26000 	C:\WINDOWS\System32\gdi32full.dll
0x00007ffb839f0000 - 0x00007ffb83a8e000 	C:\WINDOWS\System32\msvcp_win.dll
0x00007ffb844c0000 - 0x00007ffb845ba000 	C:\WINDOWS\System32\ucrtbase.dll
0x00007ffb6ca10000 - 0x00007ffb6cc94000 	C:\WINDOWS\WinSxS\amd64_microsoft.windows.common-controls_6595b64144ccf1df_6.0.18362.1016_none_9e7a36bbe461dae4\COMCTL32.dll
0x00007ffb85d80000 - 0x00007ffb860b5000 	C:\WINDOWS\System32\combase.dll
0x00007ffb84440000 - 0x00007ffb844c0000 	C:\WINDOWS\System32\bcryptPrimitives.dll
0x00007ffb84920000 - 0x00007ffb8494e000 	C:\WINDOWS\System32\IMM32.DLL
0x0000000063090000 - 0x0000000063162000 	C:\Program Files\Java\jdk1.8.0_221\jre\bin\msvcr100.dll
0x0000000061750000 - 0x0000000061ff5000 	C:\Program Files\Java\jdk1.8.0_221\jre\bin\server\jvm.dll
0x00007ffb85110000 - 0x00007ffb85118000 	C:\WINDOWS\System32\PSAPI.DLL
0x00007ffb7d920000 - 0x00007ffb7d944000 	C:\WINDOWS\SYSTEM32\WINMM.dll
0x00007ffb7b150000 - 0x00007ffb7b15a000 	C:\WINDOWS\SYSTEM32\VERSION.dll
0x00007ffb7d8f0000 - 0x00007ffb7d91d000 	C:\WINDOWS\SYSTEM32\WINMMBASE.dll
0x00007ffb83890000 - 0x00007ffb838da000 	C:\WINDOWS\System32\cfgmgr32.dll
0x00007ffb69530000 - 0x00007ffb69539000 	C:\WINDOWS\SYSTEM32\WSOCK32.dll
0x00007ffb861f0000 - 0x00007ffb8625f000 	C:\WINDOWS\System32\WS2_32.dll
0x00007ffb7eeb0000 - 0x00007ffb7eebf000 	C:\Program Files\Java\jdk1.8.0_221\jre\bin\verify.dll
0x00007ffb70710000 - 0x00007ffb70739000 	C:\Program Files\Java\jdk1.8.0_221\jre\bin\java.dll
0x00007ffb6ed70000 - 0x00007ffb6ed86000 	C:\Program Files\Java\jdk1.8.0_221\jre\bin\zip.dll
0x00007ffb85570000 - 0x00007ffb85c57000 	C:\WINDOWS\System32\SHELL32.dll
0x00007ffb866d0000 - 0x00007ffb86779000 	C:\WINDOWS\System32\shcore.dll
0x00007ffb83c30000 - 0x00007ffb843b2000 	C:\WINDOWS\System32\windows.storage.dll
0x00007ffb83710000 - 0x00007ffb83733000 	C:\WINDOWS\System32\profapi.dll
0x00007ffb836c0000 - 0x00007ffb8370a000 	C:\WINDOWS\System32\powrprof.dll
0x00007ffb83670000 - 0x00007ffb83680000 	C:\WINDOWS\System32\UMPDC.dll
0x00007ffb860c0000 - 0x00007ffb86112000 	C:\WINDOWS\System32\shlwapi.dll
0x00007ffb83680000 - 0x00007ffb83691000 	C:\WINDOWS\System32\kernel.appcore.dll
0x00007ffb843f0000 - 0x00007ffb84407000 	C:\WINDOWS\System32\cryptsp.dll
0x00007ffb66280000 - 0x00007ffb6629a000 	C:\Program Files\Java\jdk1.8.0_221\jre\bin\net.dll
0x00007ffb700b0000 - 0x00007ffb70286000 	C:\WINDOWS\SYSTEM32\urlmon.dll
0x00007ffb70410000 - 0x00007ffb706b6000 	C:\WINDOWS\SYSTEM32\iertutil.dll
0x00007ffb83000000 - 0x00007ffb8300c000 	C:\WINDOWS\SYSTEM32\CRYPTBASE.DLL
0x00007ffb82e80000 - 0x00007ffb82ee7000 	C:\WINDOWS\system32\mswsock.dll
0x00007ffb82bf0000 - 0x00007ffb82cbb000 	C:\WINDOWS\SYSTEM32\DNSAPI.dll
0x00007ffb84ee0000 - 0x00007ffb84ee8000 	C:\WINDOWS\System32\NSI.dll
0x00007ffb82ba0000 - 0x00007ffb82bda000 	C:\WINDOWS\SYSTEM32\IPHLPAPI.DLL
0x00007ffb73ab0000 - 0x00007ffb73aba000 	C:\Windows\System32\rasadhlp.dll
0x00007ffb77b70000 - 0x00007ffb77be7000 	C:\WINDOWS\System32\fwpuclnt.dll
0x00007ffb84410000 - 0x00007ffb84436000 	C:\WINDOWS\System32\bcrypt.dll
0x00007ffb82790000 - 0x00007ffb827c3000 	C:\WINDOWS\system32\rsaenh.dll
0x00007ffb83590000 - 0x00007ffb835b5000 	C:\WINDOWS\SYSTEM32\USERENV.dll
0x00007ffb7a0d0000 - 0x00007ffb7a0e6000 	C:\WINDOWS\SYSTEM32\dhcpcsvc6.DLL
0x00007ffb7a0b0000 - 0x00007ffb7a0cc000 	C:\WINDOWS\SYSTEM32\dhcpcsvc.DLL
0x00007ffb66260000 - 0x00007ffb66272000 	C:\Program Files\Java\jdk1.8.0_221\jre\bin\nio.dll
0x00007ffb652a0000 - 0x00007ffb652c4000 	C:\Program Files\Java\jdk1.8.0_221\jre\bin\sunec.dll
0x00007ffb6d200000 - 0x00007ffb6d216000 	C:\WINDOWS\system32\napinsp.dll
0x00007ffb6d1e0000 - 0x00007ffb6d1fa000 	C:\WINDOWS\system32\pnrpnsp.dll
0x00007ffb6d1d0000 - 0x00007ffb6d1de000 	C:\WINDOWS\System32\winrnr.dll
0x00007ffb7be90000 - 0x00007ffb7beac000 	C:\WINDOWS\system32\NLAapi.dll
0x00007ffb7d5c0000 - 0x00007ffb7d5d5000 	C:\WINDOWS\system32\wshbth.dll

VM Arguments:
jvm_args: -ea -Dtestng.dtd.http=true -Dfile.encoding=Cp1252 
java_command: org.testng.remote.RemoteTestNG -serport 26320 -protocol json -d C:\Users\SaranyaRamamoorthy\workspace\LemonadeAutomationHeroku\test-output C:\Users\SARANY~1\AppData\Local\Temp\testng-eclipse--1643917969\testng-customsuite.xml
java_class_path (initial): C:\Users\SaranyaRamamoorthy\eclipse\java-2020-06\eclipse\configuration\org.eclipse.osgi\453\0\.cp\lib\testng-remote.jar;C:\Users\SaranyaRamamoorthy\workspace\LemonadeAutomationHeroku\target\test-classes;C:\Users\SaranyaRamamoorthy\workspace\LemonadeAutomationHeroku\target\classes;C:\Users\SaranyaRamamoorthy\.m2\repository\org\testng\testng\7.3.0\testng-7.3.0.jar;C:\Users\SaranyaRamamoorthy\.m2\repository\com\beust\jcommander\1.78\jcommander-1.78.jar;C:\Users\SaranyaRamamoorthy\.m2\repository\org\apache\ant\ant\1.10.3\ant-1.10.3.jar;C:\Users\SaranyaRamamoorthy\.m2\repository\org\apache\ant\ant-launcher\1.10.3\ant-launcher-1.10.3.jar;C:\Users\SaranyaRamamoorthy\.m2\repository\junit\junit\4.12\junit-4.12.jar;C:\Users\SaranyaRamamoorthy\.m2\repository\org\hamcrest\hamcrest-core\1.3\hamcrest-core-1.3.jar;C:\Users\SaranyaRamamoorthy\.m2\repository\com\google\inject\guice\4.2.2\guice-4.2.2-no_aop.jar;C:\Users\SaranyaRamamoorthy\.m2\repository\org\yaml\snakeyaml\1.21\snakeyaml-1.21.jar;C:\Users\SaranyaRamamoorthy\.m2\repository\org\seleniumhq\selenium\selenium-java\3.9.1\selenium-java-3.9.1.jar;C:\Users\SaranyaRamamoorthy\.m2\repository\org\seleniumhq\selenium\selenium-api\3.9.1\selenium-api-3.9.1.jar;C:\Users\SaranyaRamamoorthy\.m2\repository\org\seleniumhq\selenium\selenium-chrome-driver\3.9.1\selenium-chrome-driver-3.9.1.jar;C:\Users\SaranyaRamamoorthy\.m2\repository\org\seleniumhq\selenium\selenium-edge-driver\3.9.1\selenium-edge-driver-3.9.1.jar;C:\Users\SaranyaRamamoorthy\.m2\repository\org\seleniumhq\selenium\selenium-firefox-driver\3.9.1\selenium-firefox-driver-3.9.1.jar;C:\Users\SaranyaRamamoorthy\.m2\repository\org\seleniumhq\selenium\selenium-ie-driver\3.9.1\selenium-ie-driver-3.9.1.jar;C:\Users\SaranyaRamamoorthy\.m2\repository\org\seleniumhq\selenium\selenium-opera-driver\3.9.1\selenium-opera-driver-3.9.1.jar;C:\Users\SaranyaRamamoorthy\.m2\repository\org\seleniumhq\selenium\selenium-remote-driver\3.9.1\selenium-remote-driver-3.9.1.
Launcher Type: SUN_STANDARD

Environment Variables:
JAVA_HOME=C:\Program Files\Java\jdk1.8.0_221
PATH=C:/Program Files/Java/jre1.8.0_221/bin/server;C:/Program Files/Java/jre1.8.0_221/bin;C:/Program Files/Java/jre1.8.0_221/lib/amd64;C:\Program Files (x86)\Common Files\Oracle\Java\javapath;C:\Program Files (x86)\RSA SecurID Token Common;C:\WINDOWS\system32;C:\WINDOWS;C:\WINDOWS\System32\Wbem;C:\WINDOWS\System32\WindowsPowerShell\v1.0\;C:\WINDOWS\System32\OpenSSH\;C:\Program Files (x86)\Webex\Webex\Applications;C:\Program Files\Git\cmd;C:\Program Files\IBM\Cloud\bin;C:\Program Files\Intel\WiFi\bin\;C:\Program Files\Common Files\Intel\WirelessCommon\;C:\Program Files (x86)\Intel\Intel(R) Management Engine Components\DAL;C:\Program Files\Intel\Intel(R) Management Engine Components\DAL;C:\Program Files\CrashPlan\jre\bin\server\;C:\Program Files\CrashPlan\jre\bin\;C:\Program Files\nodejs\;C:\Program Files\Java\jdk1.8.0_221\bin;C:\Program Files\PostgreSQL\12\bin;C:\Users\SaranyaRamamoorthy\Python\Scripts\;C:\Users\SaranyaRamamoorthy\Python\;C:\Users\SaranyaRamamoorthy\AppData\Local\Microsoft\WindowsApps;C:\Program Files\Intel\WiFi\bin\;C:\Program Files\Common Files\Intel\WirelessCommon\;C:\Users\SaranyaRamamoorthy\AppData\Roaming\npm;C:\Program Files\Java\jdk1.8.0_221\bin;C:\Program Files\heroku\bin;C:\Users\SaranyaRamamoorthy\AppData\Local\Box\Box Edit\;C:\Users\SaranyaRamamoorthy\AppData\Local\Programs\Microsoft VS Code\bin;C:\Users\SaranyaRamamoorthy\Desktop;
USERNAME=SaranyaRamamoorthy
OS=Windows_NT
PROCESSOR_IDENTIFIER=Intel64 Family 6 Model 78 Stepping 3, GenuineIntel



---------------  S Y S T E M  ---------------

OS: Windows 10.0 , 64 bit Build 18362 (10.0.18362.959)

CPU:total 4 (initial active 4) (2 cores per cpu, 2 threads per core) family 6 model 78 stepping 3, cmov, cx8, fxsr, mmx, sse, sse2, sse3, ssse3, sse4.1, sse4.2, popcnt, avx, avx2, aes, clmul, erms, rtm, 3dnowpref, lzcnt, ht, tsc, tscinvbit, bmi1, bmi2, adx

Memory: 4k page, physical 8240632k(96644k free), swap 33406456k(4644k free)

vm_info: Java HotSpot(TM) 64-Bit Server VM (25.221-b11) for windows-amd64 JRE (1.8.0_221-b11), built on Jul  4 2019 04:39:29 by "java_re" with MS VC++ 10.0 (VS2010)

time: Wed Sep 09 12:47:58 2020
timezone: India Standard Time
elapsed time: 1968 seconds (0d 0h 32m 48s)

